<?xml version="1.0" encoding="UTF-8" standalone="yes" ?>
<test-results name="C:\ExtraDigital\Project\DUnit\Win32\Debug\PTestsDUnitX.exe" total="2" errors="0" failures="0" ignored="0" inconclusive="0" not-run="0" skipped="0" invalid="0" date="2024-09-26" time="0.004">
  <culture-info current-culture="en" current-uiculture="en" />
  <test-suite type="Assembly" name="PTestsDUnitX.exe" executed="true" result="Success" success="True" time="0.004" asserts="0">
    <results>
        <test-suite type="Namespace" name="uModel" executed="true" result="Success" success="True" time="0.003" asserts="0" >
          <results>
              <test-suite type="Fixture" name="TModelFunctionsTests" executed="True" result="Success" success="True" time="0.003" >
                <results>
                  <test-case name="TestCreateArrayFilterQueryDefaultLogicalDelete" executed="True" result="Success" success="True" time="0.000" asserts="0" />
                  <test-case name="TestValuesCreateArrayFilterQueryDefaultLogicalDelete" executed="True" result="Success" success="True" time="0.000" asserts="0" />
                </results>
              </test-suite>
          </results>
        </test-suite>
    </results>
  </test-suite>
</test-results>
